{"/home/ramses/UOAM/src/domain/arranger-profile.ts": {"path":"/home/ramses/UOAM/src/domain/arranger-profile.ts","all":false,"statementMap":{"0":{"start":{"line":1,"column":0},"end":{"line":1,"column":3}},"1":{"start":{"line":2,"column":0},"end":{"line":2,"column":67}},"2":{"start":{"line":3,"column":0},"end":{"line":3,"column":2}},"3":{"start":{"line":4,"column":0},"end":{"line":4,"column":68}},"4":{"start":{"line":5,"column":0},"end":{"line":5,"column":49}},"5":{"start":{"line":6,"column":0},"end":{"line":6,"column":2}},"6":{"start":{"line":7,"column":0},"end":{"line":7,"column":80}},"7":{"start":{"line":8,"column":0},"end":{"line":8,"column":39}},"8":{"start":{"line":9,"column":0},"end":{"line":9,"column":3}},"9":{"start":{"line":10,"column":0},"end":{"line":10,"column":0}},"10":{"start":{"line":11,"column":0},"end":{"line":11,"column":68}},"11":{"start":{"line":12,"column":0},"end":{"line":12,"column":0}},"12":{"start":{"line":13,"column":0},"end":{"line":13,"column":3}},"13":{"start":{"line":14,"column":0},"end":{"line":14,"column":54}},"14":{"start":{"line":15,"column":0},"end":{"line":15,"column":45}},"15":{"start":{"line":16,"column":0},"end":{"line":16,"column":3}},"16":{"start":{"line":17,"column":0},"end":{"line":17,"column":31}},"17":{"start":{"line":18,"column":0},"end":{"line":18,"column":80}},"18":{"start":{"line":19,"column":0},"end":{"line":19,"column":23}},"19":{"start":{"line":20,"column":0},"end":{"line":20,"column":79}},"20":{"start":{"line":21,"column":0},"end":{"line":21,"column":20}},"21":{"start":{"line":22,"column":0},"end":{"line":22,"column":72}},"22":{"start":{"line":23,"column":0},"end":{"line":23,"column":25}},"23":{"start":{"line":24,"column":0},"end":{"line":24,"column":72}},"24":{"start":{"line":25,"column":0},"end":{"line":25,"column":20}},"25":{"start":{"line":26,"column":0},"end":{"line":26,"column":69}},"26":{"start":{"line":27,"column":0},"end":{"line":27,"column":19}},"27":{"start":{"line":28,"column":0},"end":{"line":28,"column":63}},"28":{"start":{"line":29,"column":0},"end":{"line":29,"column":18}},"29":{"start":{"line":30,"column":0},"end":{"line":30,"column":1}},"30":{"start":{"line":31,"column":0},"end":{"line":31,"column":0}},"31":{"start":{"line":32,"column":0},"end":{"line":32,"column":36}},"32":{"start":{"line":33,"column":0},"end":{"line":33,"column":64}},"33":{"start":{"line":34,"column":0},"end":{"line":34,"column":15}},"34":{"start":{"line":35,"column":0},"end":{"line":35,"column":12}},"35":{"start":{"line":36,"column":0},"end":{"line":36,"column":17}},"36":{"start":{"line":37,"column":0},"end":{"line":37,"column":12}},"37":{"start":{"line":38,"column":0},"end":{"line":38,"column":11}},"38":{"start":{"line":39,"column":0},"end":{"line":39,"column":10}},"39":{"start":{"line":40,"column":0},"end":{"line":40,"column":11}},"40":{"start":{"line":41,"column":0},"end":{"line":41,"column":0}},"41":{"start":{"line":42,"column":0},"end":{"line":42,"column":68}},"42":{"start":{"line":43,"column":0},"end":{"line":43,"column":0}},"43":{"start":{"line":44,"column":0},"end":{"line":44,"column":50}},"44":{"start":{"line":45,"column":0},"end":{"line":45,"column":32}},"45":{"start":{"line":46,"column":0},"end":{"line":46,"column":19}},"46":{"start":{"line":47,"column":0},"end":{"line":47,"column":40}},"47":{"start":{"line":48,"column":0},"end":{"line":48,"column":3}},"48":{"start":{"line":49,"column":0},"end":{"line":49,"column":1}},"49":{"start":{"line":50,"column":0},"end":{"line":50,"column":0}},"50":{"start":{"line":51,"column":0},"end":{"line":51,"column":68}},"51":{"start":{"line":52,"column":0},"end":{"line":52,"column":0}},"52":{"start":{"line":53,"column":0},"end":{"line":53,"column":3}},"53":{"start":{"line":54,"column":0},"end":{"line":54,"column":62}},"54":{"start":{"line":55,"column":0},"end":{"line":55,"column":2}},"55":{"start":{"line":56,"column":0},"end":{"line":56,"column":15}},"56":{"start":{"line":57,"column":0},"end":{"line":57,"column":68}},"57":{"start":{"line":58,"column":0},"end":{"line":58,"column":48}},"58":{"start":{"line":59,"column":0},"end":{"line":59,"column":37}},"59":{"start":{"line":60,"column":0},"end":{"line":60,"column":56}},"60":{"start":{"line":61,"column":0},"end":{"line":61,"column":3}},"61":{"start":{"line":62,"column":0},"end":{"line":62,"column":30}},"62":{"start":{"line":63,"column":0},"end":{"line":63,"column":29}},"63":{"start":{"line":64,"column":0},"end":{"line":64,"column":0}},"64":{"start":{"line":65,"column":0},"end":{"line":65,"column":14}},"65":{"start":{"line":66,"column":0},"end":{"line":66,"column":33}},"66":{"start":{"line":67,"column":0},"end":{"line":67,"column":45}},"67":{"start":{"line":68,"column":0},"end":{"line":68,"column":16}},"68":{"start":{"line":69,"column":0},"end":{"line":69,"column":5}},"69":{"start":{"line":70,"column":0},"end":{"line":70,"column":28}},"70":{"start":{"line":71,"column":0},"end":{"line":71,"column":39}},"71":{"start":{"line":72,"column":0},"end":{"line":72,"column":40}},"72":{"start":{"line":73,"column":0},"end":{"line":73,"column":3}},"73":{"start":{"line":74,"column":0},"end":{"line":74,"column":0}},"74":{"start":{"line":75,"column":0},"end":{"line":75,"column":34}},"75":{"start":{"line":76,"column":0},"end":{"line":76,"column":0}},"76":{"start":{"line":77,"column":0},"end":{"line":77,"column":44}},"77":{"start":{"line":78,"column":0},"end":{"line":78,"column":44}},"78":{"start":{"line":79,"column":0},"end":{"line":79,"column":38}},"79":{"start":{"line":80,"column":0},"end":{"line":80,"column":74}},"80":{"start":{"line":81,"column":0},"end":{"line":81,"column":8}},"81":{"start":{"line":82,"column":0},"end":{"line":82,"column":5}},"82":{"start":{"line":83,"column":0},"end":{"line":83,"column":3}},"83":{"start":{"line":84,"column":0},"end":{"line":84,"column":0}},"84":{"start":{"line":85,"column":0},"end":{"line":85,"column":54}},"85":{"start":{"line":86,"column":0},"end":{"line":86,"column":39}},"86":{"start":{"line":87,"column":0},"end":{"line":87,"column":75}},"87":{"start":{"line":88,"column":0},"end":{"line":88,"column":40}},"88":{"start":{"line":89,"column":0},"end":{"line":89,"column":80}},"89":{"start":{"line":90,"column":0},"end":{"line":90,"column":10}},"90":{"start":{"line":91,"column":0},"end":{"line":91,"column":7}},"91":{"start":{"line":92,"column":0},"end":{"line":92,"column":5}},"92":{"start":{"line":93,"column":0},"end":{"line":93,"column":3}},"93":{"start":{"line":94,"column":0},"end":{"line":94,"column":0}},"94":{"start":{"line":95,"column":0},"end":{"line":95,"column":29}},"95":{"start":{"line":96,"column":0},"end":{"line":96,"column":0}},"96":{"start":{"line":97,"column":0},"end":{"line":97,"column":63}},"97":{"start":{"line":98,"column":0},"end":{"line":98,"column":55}},"98":{"start":{"line":99,"column":0},"end":{"line":99,"column":47}},"99":{"start":{"line":100,"column":0},"end":{"line":100,"column":39}},"100":{"start":{"line":101,"column":0},"end":{"line":101,"column":49}},"101":{"start":{"line":102,"column":0},"end":{"line":102,"column":5}},"102":{"start":{"line":103,"column":0},"end":{"line":103,"column":19}},"103":{"start":{"line":104,"column":0},"end":{"line":104,"column":3}},"104":{"start":{"line":105,"column":0},"end":{"line":105,"column":0}},"105":{"start":{"line":106,"column":0},"end":{"line":106,"column":75}},"106":{"start":{"line":107,"column":0},"end":{"line":107,"column":86}},"107":{"start":{"line":108,"column":0},"end":{"line":108,"column":19}},"108":{"start":{"line":109,"column":0},"end":{"line":109,"column":39}},"109":{"start":{"line":110,"column":0},"end":{"line":110,"column":61}},"110":{"start":{"line":111,"column":0},"end":{"line":111,"column":42}},"111":{"start":{"line":112,"column":0},"end":{"line":112,"column":8}},"112":{"start":{"line":113,"column":0},"end":{"line":113,"column":44}},"113":{"start":{"line":114,"column":0},"end":{"line":114,"column":5}},"114":{"start":{"line":115,"column":0},"end":{"line":115,"column":31}},"115":{"start":{"line":116,"column":0},"end":{"line":116,"column":3}},"116":{"start":{"line":117,"column":0},"end":{"line":117,"column":1}}},"s":{"0":1,"1":1,"2":1,"3":1,"4":1,"5":1,"6":1,"7":1,"8":1,"9":1,"10":1,"11":1,"12":1,"13":1,"14":1,"15":1,"16":1,"17":1,"18":1,"19":1,"20":1,"21":1,"22":1,"23":1,"24":1,"25":1,"26":1,"27":1,"28":1,"29":1,"30":1,"31":1,"32":1,"33":1,"34":1,"35":1,"36":1,"37":1,"38":1,"39":1,"40":1,"41":1,"42":1,"43":1,"44":1,"45":11,"46":11,"47":11,"48":1,"49":1,"50":1,"51":1,"52":1,"53":1,"54":1,"55":1,"56":1,"57":1,"58":1,"59":1,"60":1,"61":1,"62":1,"63":1,"64":1,"65":17,"66":17,"67":17,"68":17,"69":17,"70":17,"71":17,"72":17,"73":1,"74":1,"75":1,"76":1,"77":17,"78":2,"79":2,"80":2,"81":2,"82":17,"83":1,"84":1,"85":15,"86":63,"87":9,"88":9,"89":9,"90":9,"91":63,"92":15,"93":1,"94":1,"95":1,"96":1,"97":1,"98":1,"99":1,"100":6,"101":6,"102":1,"103":1,"104":1,"105":1,"106":1,"107":3,"108":3,"109":18,"110":39,"111":18,"112":18,"113":18,"114":3,"115":3,"116":1},"branchMap":{"0":{"type":"branch","line":45,"loc":{"start":{"line":45,"column":2},"end":{"line":48,"column":3}},"locations":[{"start":{"line":45,"column":2},"end":{"line":48,"column":3}}]},"1":{"type":"branch","line":65,"loc":{"start":{"line":65,"column":2},"end":{"line":73,"column":3}},"locations":[{"start":{"line":65,"column":2},"end":{"line":73,"column":3}}]},"2":{"type":"branch","line":72,"loc":{"start":{"line":72,"column":14},"end":{"line":72,"column":40}},"locations":[{"start":{"line":72,"column":14},"end":{"line":72,"column":40}}]},"3":{"type":"branch","line":73,"loc":{"start":{"line":73,"column":2},"end":{"line":73,"column":3}},"locations":[{"start":{"line":73,"column":2},"end":{"line":73,"column":3}}]},"4":{"type":"branch","line":77,"loc":{"start":{"line":77,"column":10},"end":{"line":83,"column":3}},"locations":[{"start":{"line":77,"column":10},"end":{"line":83,"column":3}}]},"5":{"type":"branch","line":78,"loc":{"start":{"line":78,"column":9},"end":{"line":78,"column":43}},"locations":[{"start":{"line":78,"column":9},"end":{"line":78,"column":43}}]},"6":{"type":"branch","line":78,"loc":{"start":{"line":78,"column":43},"end":{"line":82,"column":5}},"locations":[{"start":{"line":78,"column":43},"end":{"line":82,"column":5}}]},"7":{"type":"branch","line":85,"loc":{"start":{"line":85,"column":10},"end":{"line":93,"column":3}},"locations":[{"start":{"line":85,"column":10},"end":{"line":93,"column":3}}]},"8":{"type":"branch","line":86,"loc":{"start":{"line":86,"column":38},"end":{"line":92,"column":5}},"locations":[{"start":{"line":86,"column":38},"end":{"line":92,"column":5}}]},"9":{"type":"branch","line":87,"loc":{"start":{"line":87,"column":18},"end":{"line":87,"column":51}},"locations":[{"start":{"line":87,"column":18},"end":{"line":87,"column":51}}]},"10":{"type":"branch","line":87,"loc":{"start":{"line":87,"column":46},"end":{"line":87,"column":74}},"locations":[{"start":{"line":87,"column":46},"end":{"line":87,"column":74}}]},"11":{"type":"branch","line":87,"loc":{"start":{"line":87,"column":74},"end":{"line":91,"column":7}},"locations":[{"start":{"line":87,"column":74},"end":{"line":91,"column":7}}]},"12":{"type":"branch","line":92,"loc":{"start":{"line":92,"column":4},"end":{"line":92,"column":5}},"locations":[{"start":{"line":92,"column":4},"end":{"line":92,"column":5}}]},"13":{"type":"branch","line":98,"loc":{"start":{"line":98,"column":9},"end":{"line":104,"column":3}},"locations":[{"start":{"line":98,"column":9},"end":{"line":104,"column":3}}]},"14":{"type":"branch","line":100,"loc":{"start":{"line":100,"column":38},"end":{"line":102,"column":5}},"locations":[{"start":{"line":100,"column":38},"end":{"line":102,"column":5}}]},"15":{"type":"branch","line":107,"loc":{"start":{"line":107,"column":9},"end":{"line":116,"column":3}},"locations":[{"start":{"line":107,"column":9},"end":{"line":116,"column":3}}]},"16":{"type":"branch","line":109,"loc":{"start":{"line":109,"column":38},"end":{"line":114,"column":5}},"locations":[{"start":{"line":109,"column":38},"end":{"line":114,"column":5}}]},"17":{"type":"branch","line":113,"loc":{"start":{"line":113,"column":35},"end":{"line":113,"column":44}},"locations":[{"start":{"line":113,"column":35},"end":{"line":113,"column":44}}]},"18":{"type":"branch","line":110,"loc":{"start":{"line":110,"column":55},"end":{"line":111,"column":42}},"locations":[{"start":{"line":110,"column":55},"end":{"line":111,"column":42}}]}},"b":{"0":[11],"1":[17],"2":[5],"3":[17],"4":[17],"5":[16],"6":[2],"7":[15],"8":[63],"9":[55],"10":[55],"11":[9],"12":[6],"13":[1],"14":[6],"15":[3],"16":[18],"17":[6],"18":[39]},"fnMap":{"0":{"name":"DomainValidationError","decl":{"start":{"line":45,"column":2},"end":{"line":48,"column":3}},"loc":{"start":{"line":45,"column":2},"end":{"line":48,"column":3}},"line":45},"1":{"name":"ArrangerProfile","decl":{"start":{"line":65,"column":2},"end":{"line":73,"column":3}},"loc":{"start":{"line":65,"column":2},"end":{"line":73,"column":3}},"line":65},"2":{"name":"<instance_members_initializer>","decl":{"start":{"line":73,"column":2},"end":{"line":73,"column":3}},"loc":{"start":{"line":73,"column":2},"end":{"line":73,"column":3}},"line":73},"3":{"name":"validateName","decl":{"start":{"line":77,"column":10},"end":{"line":83,"column":3}},"loc":{"start":{"line":77,"column":10},"end":{"line":83,"column":3}},"line":77},"4":{"name":"validateSignature","decl":{"start":{"line":85,"column":10},"end":{"line":93,"column":3}},"loc":{"start":{"line":85,"column":10},"end":{"line":93,"column":3}},"line":85},"5":{"name":"toDimensionSummary","decl":{"start":{"line":98,"column":9},"end":{"line":104,"column":3}},"loc":{"start":{"line":98,"column":9},"end":{"line":104,"column":3}},"line":98},"6":{"name":"sharesSignatureWith","decl":{"start":{"line":107,"column":9},"end":{"line":116,"column":3}},"loc":{"start":{"line":107,"column":9},"end":{"line":116,"column":3}},"line":107}},"f":{"0":11,"1":17,"2":17,"3":17,"4":15,"5":1,"6":3}}
,"/home/ramses/UOAM/src/engines/hybrid-engine.ts": {"path":"/home/ramses/UOAM/src/engines/hybrid-engine.ts","all":false,"statementMap":{"0":{"start":{"line":1,"column":0},"end":{"line":1,"column":3}},"1":{"start":{"line":2,"column":0},"end":{"line":2,"column":64}},"2":{"start":{"line":3,"column":0},"end":{"line":3,"column":2}},"3":{"start":{"line":4,"column":0},"end":{"line":4,"column":67}},"4":{"start":{"line":5,"column":0},"end":{"line":5,"column":68}},"5":{"start":{"line":6,"column":0},"end":{"line":6,"column":2}},"6":{"start":{"line":7,"column":0},"end":{"line":7,"column":30}},"7":{"start":{"line":8,"column":0},"end":{"line":8,"column":69}},"8":{"start":{"line":9,"column":0},"end":{"line":9,"column":70}},"9":{"start":{"line":10,"column":0},"end":{"line":10,"column":68}},"10":{"start":{"line":11,"column":0},"end":{"line":11,"column":3}},"11":{"start":{"line":12,"column":0},"end":{"line":12,"column":0}},"12":{"start":{"line":13,"column":0},"end":{"line":13,"column":77}},"13":{"start":{"line":14,"column":0},"end":{"line":14,"column":0}},"14":{"start":{"line":15,"column":0},"end":{"line":15,"column":68}},"15":{"start":{"line":16,"column":0},"end":{"line":16,"column":0}},"16":{"start":{"line":17,"column":0},"end":{"line":17,"column":29}},"17":{"start":{"line":18,"column":0},"end":{"line":18,"column":23}},"18":{"start":{"line":19,"column":0},"end":{"line":19,"column":20}},"19":{"start":{"line":20,"column":0},"end":{"line":20,"column":1}},"20":{"start":{"line":21,"column":0},"end":{"line":21,"column":0}},"21":{"start":{"line":22,"column":0},"end":{"line":22,"column":32}},"22":{"start":{"line":23,"column":0},"end":{"line":23,"column":45}},"23":{"start":{"line":24,"column":0},"end":{"line":24,"column":26}},"24":{"start":{"line":25,"column":0},"end":{"line":25,"column":1}},"25":{"start":{"line":26,"column":0},"end":{"line":26,"column":0}},"26":{"start":{"line":27,"column":0},"end":{"line":27,"column":80}},"27":{"start":{"line":28,"column":0},"end":{"line":28,"column":34}},"28":{"start":{"line":29,"column":0},"end":{"line":29,"column":15}},"29":{"start":{"line":30,"column":0},"end":{"line":30,"column":43}},"30":{"start":{"line":31,"column":0},"end":{"line":31,"column":43}},"31":{"start":{"line":32,"column":0},"end":{"line":32,"column":1}},"32":{"start":{"line":33,"column":0},"end":{"line":33,"column":0}},"33":{"start":{"line":34,"column":0},"end":{"line":34,"column":63}},"34":{"start":{"line":35,"column":0},"end":{"line":35,"column":31}},"35":{"start":{"line":36,"column":0},"end":{"line":36,"column":43}},"36":{"start":{"line":37,"column":0},"end":{"line":37,"column":41}},"37":{"start":{"line":38,"column":0},"end":{"line":38,"column":62}},"38":{"start":{"line":39,"column":0},"end":{"line":39,"column":77}},"39":{"start":{"line":40,"column":0},"end":{"line":40,"column":1}},"40":{"start":{"line":41,"column":0},"end":{"line":41,"column":0}},"41":{"start":{"line":42,"column":0},"end":{"line":42,"column":68}},"42":{"start":{"line":43,"column":0},"end":{"line":43,"column":0}},"43":{"start":{"line":44,"column":0},"end":{"line":44,"column":3}},"44":{"start":{"line":45,"column":0},"end":{"line":45,"column":35}},"45":{"start":{"line":46,"column":0},"end":{"line":46,"column":49}},"46":{"start":{"line":47,"column":0},"end":{"line":47,"column":64}},"47":{"start":{"line":48,"column":0},"end":{"line":48,"column":3}},"48":{"start":{"line":49,"column":0},"end":{"line":49,"column":43}},"49":{"start":{"line":50,"column":0},"end":{"line":50,"column":20}},"50":{"start":{"line":51,"column":0},"end":{"line":51,"column":41}},"51":{"start":{"line":52,"column":0},"end":{"line":52,"column":63}},"52":{"start":{"line":53,"column":0},"end":{"line":53,"column":23}},"53":{"start":{"line":54,"column":0},"end":{"line":54,"column":52}},"54":{"start":{"line":55,"column":0},"end":{"line":55,"column":75}},"55":{"start":{"line":56,"column":0},"end":{"line":56,"column":6}},"56":{"start":{"line":57,"column":0},"end":{"line":57,"column":12}},"57":{"start":{"line":58,"column":0},"end":{"line":58,"column":22}},"58":{"start":{"line":59,"column":0},"end":{"line":59,"column":59}},"59":{"start":{"line":60,"column":0},"end":{"line":60,"column":6}},"60":{"start":{"line":61,"column":0},"end":{"line":61,"column":4}},"61":{"start":{"line":62,"column":0},"end":{"line":62,"column":2}},"62":{"start":{"line":63,"column":0},"end":{"line":63,"column":0}},"63":{"start":{"line":64,"column":0},"end":{"line":64,"column":3}},"64":{"start":{"line":65,"column":0},"end":{"line":65,"column":41}},"65":{"start":{"line":66,"column":0},"end":{"line":66,"column":74}},"66":{"start":{"line":67,"column":0},"end":{"line":67,"column":42}},"67":{"start":{"line":68,"column":0},"end":{"line":68,"column":3}},"68":{"start":{"line":69,"column":0},"end":{"line":69,"column":46}},"69":{"start":{"line":70,"column":0},"end":{"line":70,"column":20}},"70":{"start":{"line":71,"column":0},"end":{"line":71,"column":43}},"71":{"start":{"line":72,"column":0},"end":{"line":72,"column":49}},"72":{"start":{"line":73,"column":0},"end":{"line":73,"column":23}},"73":{"start":{"line":74,"column":0},"end":{"line":74,"column":52}},"74":{"start":{"line":75,"column":0},"end":{"line":75,"column":55}},"75":{"start":{"line":76,"column":0},"end":{"line":76,"column":6}},"76":{"start":{"line":77,"column":0},"end":{"line":77,"column":12}},"77":{"start":{"line":78,"column":0},"end":{"line":78,"column":22}},"78":{"start":{"line":79,"column":0},"end":{"line":79,"column":73}},"79":{"start":{"line":80,"column":0},"end":{"line":80,"column":6}},"80":{"start":{"line":81,"column":0},"end":{"line":81,"column":4}},"81":{"start":{"line":82,"column":0},"end":{"line":82,"column":2}},"82":{"start":{"line":83,"column":0},"end":{"line":83,"column":0}},"83":{"start":{"line":84,"column":0},"end":{"line":84,"column":3}},"84":{"start":{"line":85,"column":0},"end":{"line":85,"column":35}},"85":{"start":{"line":86,"column":0},"end":{"line":86,"column":45}},"86":{"start":{"line":87,"column":0},"end":{"line":87,"column":53}},"87":{"start":{"line":88,"column":0},"end":{"line":88,"column":3}},"88":{"start":{"line":89,"column":0},"end":{"line":89,"column":43}},"89":{"start":{"line":90,"column":0},"end":{"line":90,"column":20}},"90":{"start":{"line":91,"column":0},"end":{"line":91,"column":40}},"91":{"start":{"line":92,"column":0},"end":{"line":92,"column":64}},"92":{"start":{"line":93,"column":0},"end":{"line":93,"column":23}},"93":{"start":{"line":94,"column":0},"end":{"line":94,"column":52}},"94":{"start":{"line":95,"column":0},"end":{"line":95,"column":73}},"95":{"start":{"line":96,"column":0},"end":{"line":96,"column":6}},"96":{"start":{"line":97,"column":0},"end":{"line":97,"column":12}},"97":{"start":{"line":98,"column":0},"end":{"line":98,"column":22}},"98":{"start":{"line":99,"column":0},"end":{"line":99,"column":74}},"99":{"start":{"line":100,"column":0},"end":{"line":100,"column":6}},"100":{"start":{"line":101,"column":0},"end":{"line":101,"column":4}},"101":{"start":{"line":102,"column":0},"end":{"line":102,"column":2}},"102":{"start":{"line":103,"column":0},"end":{"line":103,"column":0}},"103":{"start":{"line":104,"column":0},"end":{"line":104,"column":68}},"104":{"start":{"line":105,"column":0},"end":{"line":105,"column":0}},"105":{"start":{"line":106,"column":0},"end":{"line":106,"column":48}},"106":{"start":{"line":107,"column":0},"end":{"line":107,"column":22}},"107":{"start":{"line":108,"column":0},"end":{"line":108,"column":25}},"108":{"start":{"line":109,"column":0},"end":{"line":109,"column":22}},"109":{"start":{"line":110,"column":0},"end":{"line":110,"column":2}},"110":{"start":{"line":111,"column":0},"end":{"line":111,"column":0}},"111":{"start":{"line":112,"column":0},"end":{"line":112,"column":68}},"112":{"start":{"line":113,"column":0},"end":{"line":113,"column":0}},"113":{"start":{"line":114,"column":0},"end":{"line":114,"column":27}},"114":{"start":{"line":115,"column":0},"end":{"line":115,"column":41}},"115":{"start":{"line":116,"column":0},"end":{"line":116,"column":0}},"116":{"start":{"line":117,"column":0},"end":{"line":117,"column":45}},"117":{"start":{"line":118,"column":0},"end":{"line":118,"column":55}},"118":{"start":{"line":119,"column":0},"end":{"line":119,"column":3}},"119":{"start":{"line":120,"column":0},"end":{"line":120,"column":0}},"120":{"start":{"line":121,"column":0},"end":{"line":121,"column":5}},"121":{"start":{"line":122,"column":0},"end":{"line":122,"column":47}},"122":{"start":{"line":123,"column":0},"end":{"line":123,"column":59}},"123":{"start":{"line":124,"column":0},"end":{"line":124,"column":5}},"124":{"start":{"line":125,"column":0},"end":{"line":125,"column":46}},"125":{"start":{"line":126,"column":0},"end":{"line":126,"column":29}},"126":{"start":{"line":127,"column":0},"end":{"line":127,"column":48}},"127":{"start":{"line":128,"column":0},"end":{"line":128,"column":0}},"128":{"start":{"line":129,"column":0},"end":{"line":129,"column":36}},"129":{"start":{"line":130,"column":0},"end":{"line":130,"column":87}},"130":{"start":{"line":131,"column":0},"end":{"line":131,"column":37}},"131":{"start":{"line":132,"column":0},"end":{"line":132,"column":42}},"132":{"start":{"line":133,"column":0},"end":{"line":133,"column":35}},"133":{"start":{"line":134,"column":0},"end":{"line":134,"column":11}},"134":{"start":{"line":135,"column":0},"end":{"line":135,"column":49}},"135":{"start":{"line":136,"column":0},"end":{"line":136,"column":29}},"136":{"start":{"line":137,"column":0},"end":{"line":137,"column":7}},"137":{"start":{"line":138,"column":0},"end":{"line":138,"column":5}},"138":{"start":{"line":139,"column":0},"end":{"line":139,"column":0}},"139":{"start":{"line":140,"column":0},"end":{"line":140,"column":12}},"140":{"start":{"line":141,"column":0},"end":{"line":141,"column":25}},"141":{"start":{"line":142,"column":0},"end":{"line":142,"column":45}},"142":{"start":{"line":143,"column":0},"end":{"line":143,"column":33}},"143":{"start":{"line":144,"column":0},"end":{"line":144,"column":8}},"144":{"start":{"line":145,"column":0},"end":{"line":145,"column":25}},"145":{"start":{"line":146,"column":0},"end":{"line":146,"column":6}},"146":{"start":{"line":147,"column":0},"end":{"line":147,"column":3}},"147":{"start":{"line":148,"column":0},"end":{"line":148,"column":0}},"148":{"start":{"line":149,"column":0},"end":{"line":149,"column":5}},"149":{"start":{"line":150,"column":0},"end":{"line":150,"column":58}},"150":{"start":{"line":151,"column":0},"end":{"line":151,"column":56}},"151":{"start":{"line":152,"column":0},"end":{"line":152,"column":29}},"152":{"start":{"line":153,"column":0},"end":{"line":153,"column":5}},"153":{"start":{"line":154,"column":0},"end":{"line":154,"column":22}},"154":{"start":{"line":155,"column":0},"end":{"line":155,"column":29}},"155":{"start":{"line":156,"column":0},"end":{"line":156,"column":29}},"156":{"start":{"line":157,"column":0},"end":{"line":157,"column":56}},"157":{"start":{"line":158,"column":0},"end":{"line":158,"column":66}},"158":{"start":{"line":159,"column":0},"end":{"line":159,"column":36}},"159":{"start":{"line":160,"column":0},"end":{"line":160,"column":85}},"160":{"start":{"line":161,"column":0},"end":{"line":161,"column":76}},"161":{"start":{"line":162,"column":0},"end":{"line":162,"column":7}},"162":{"start":{"line":163,"column":0},"end":{"line":163,"column":0}},"163":{"start":{"line":164,"column":0},"end":{"line":164,"column":55}},"164":{"start":{"line":165,"column":0},"end":{"line":165,"column":34}},"165":{"start":{"line":166,"column":0},"end":{"line":166,"column":58}},"166":{"start":{"line":167,"column":0},"end":{"line":167,"column":76}},"167":{"start":{"line":168,"column":0},"end":{"line":168,"column":91}},"168":{"start":{"line":169,"column":0},"end":{"line":169,"column":52}},"169":{"start":{"line":170,"column":0},"end":{"line":170,"column":73}},"170":{"start":{"line":171,"column":0},"end":{"line":171,"column":70}},"171":{"start":{"line":172,"column":0},"end":{"line":172,"column":6}},"172":{"start":{"line":173,"column":0},"end":{"line":173,"column":0}},"173":{"start":{"line":174,"column":0},"end":{"line":174,"column":64}},"174":{"start":{"line":175,"column":0},"end":{"line":175,"column":3}},"175":{"start":{"line":176,"column":0},"end":{"line":176,"column":1}}},"s":{"0":1,"1":1,"2":1,"3":1,"4":1,"5":1,"6":1,"7":1,"8":1,"9":1,"10":1,"11":1,"12":1,"13":1,"14":1,"15":1,"16":1,"17":1,"18":1,"19":1,"20":1,"21":1,"22":1,"23":1,"24":1,"25":1,"26":1,"27":1,"28":1,"29":1,"30":1,"31":1,"32":1,"33":1,"34":1,"35":1,"36":1,"37":1,"38":1,"39":1,"40":1,"41":1,"42":1,"43":1,"44":1,"45":1,"46":1,"47":1,"48":1,"49":1,"50":7,"51":4,"52":1,"53":4,"54":6,"55":4,"56":4,"57":4,"58":4,"59":4,"60":4,"61":1,"62":1,"63":1,"64":1,"65":1,"66":1,"67":1,"68":1,"69":1,"70":7,"71":1,"72":1,"73":1,"74":1,"75":1,"76":1,"77":1,"78":1,"79":1,"80":1,"81":1,"82":1,"83":1,"84":1,"85":1,"86":1,"87":1,"88":1,"89":1,"90":7,"91":2,"92":1,"93":2,"94":3,"95":2,"96":2,"97":2,"98":2,"99":2,"100":2,"101":1,"102":1,"103":1,"104":1,"105":1,"106":1,"107":1,"108":1,"109":1,"110":1,"111":1,"112":1,"113":1,"114":1,"115":1,"116":1,"117":8,"118":8,"119":1,"120":1,"121":1,"122":1,"123":1,"124":1,"125":8,"126":8,"127":8,"128":8,"129":22,"130":8,"131":8,"132":8,"133":8,"134":8,"135":8,"136":8,"137":22,"138":8,"139":8,"140":8,"141":8,"142":8,"143":8,"144":8,"145":8,"146":8,"147":1,"148":1,"149":1,"150":1,"151":1,"152":1,"153":1,"154":1,"155":1,"156":1,"157":1,"158":1,"159":1,"160":1,"161":1,"162":1,"163":1,"164":1,"165":1,"166":1,"167":1,"168":1,"169":1,"170":1,"171":1,"172":1,"173":1,"174":1,"175":1},"branchMap":{"0":{"type":"branch","line":50,"loc":{"start":{"line":50,"column":10},"end":{"line":52,"column":63}},"locations":[{"start":{"line":50,"column":10},"end":{"line":52,"column":63}}]},"1":{"type":"branch","line":51,"loc":{"start":{"line":51,"column":37},"end":{"line":52,"column":63}},"locations":[{"start":{"line":51,"column":37},"end":{"line":52,"column":63}}]},"2":{"type":"branch","line":52,"loc":{"start":{"line":52,"column":23},"end":{"line":52,"column":61}},"locations":[{"start":{"line":52,"column":23},"end":{"line":52,"column":61}}]},"3":{"type":"branch","line":53,"loc":{"start":{"line":53,"column":11},"end":{"line":61,"column":4}},"locations":[{"start":{"line":53,"column":11},"end":{"line":61,"column":4}}]},"4":{"type":"branch","line":54,"loc":{"start":{"line":54,"column":46},"end":{"line":55,"column":75}},"locations":[{"start":{"line":54,"column":46},"end":{"line":55,"column":75}}]},"5":{"type":"branch","line":55,"loc":{"start":{"line":55,"column":36},"end":{"line":55,"column":73}},"locations":[{"start":{"line":55,"column":36},"end":{"line":55,"column":73}}]},"6":{"type":"branch","line":55,"loc":{"start":{"line":55,"column":40},"end":{"line":55,"column":75}},"locations":[{"start":{"line":55,"column":40},"end":{"line":55,"column":75}}]},"7":{"type":"branch","line":70,"loc":{"start":{"line":70,"column":10},"end":{"line":72,"column":49}},"locations":[{"start":{"line":70,"column":10},"end":{"line":72,"column":49}}]},"8":{"type":"branch","line":71,"loc":{"start":{"line":71,"column":39},"end":{"line":72,"column":49}},"locations":[{"start":{"line":71,"column":39},"end":{"line":72,"column":49}}]},"9":{"type":"branch","line":72,"loc":{"start":{"line":72,"column":23},"end":{"line":72,"column":47}},"locations":[{"start":{"line":72,"column":23},"end":{"line":72,"column":47}}]},"10":{"type":"branch","line":73,"loc":{"start":{"line":73,"column":11},"end":{"line":81,"column":4}},"locations":[{"start":{"line":73,"column":11},"end":{"line":81,"column":4}}]},"11":{"type":"branch","line":74,"loc":{"start":{"line":74,"column":46},"end":{"line":75,"column":55}},"locations":[{"start":{"line":74,"column":46},"end":{"line":75,"column":55}}]},"12":{"type":"branch","line":75,"loc":{"start":{"line":75,"column":49},"end":{"line":75,"column":55}},"locations":[{"start":{"line":75,"column":49},"end":{"line":75,"column":55}}]},"13":{"type":"branch","line":90,"loc":{"start":{"line":90,"column":10},"end":{"line":92,"column":64}},"locations":[{"start":{"line":90,"column":10},"end":{"line":92,"column":64}}]},"14":{"type":"branch","line":91,"loc":{"start":{"line":91,"column":36},"end":{"line":92,"column":64}},"locations":[{"start":{"line":91,"column":36},"end":{"line":92,"column":64}}]},"15":{"type":"branch","line":92,"loc":{"start":{"line":92,"column":23},"end":{"line":92,"column":62}},"locations":[{"start":{"line":92,"column":23},"end":{"line":92,"column":62}}]},"16":{"type":"branch","line":93,"loc":{"start":{"line":93,"column":11},"end":{"line":101,"column":4}},"locations":[{"start":{"line":93,"column":11},"end":{"line":101,"column":4}}]},"17":{"type":"branch","line":94,"loc":{"start":{"line":94,"column":46},"end":{"line":95,"column":73}},"locations":[{"start":{"line":94,"column":46},"end":{"line":95,"column":73}}]},"18":{"type":"branch","line":95,"loc":{"start":{"line":95,"column":37},"end":{"line":95,"column":71}},"locations":[{"start":{"line":95,"column":37},"end":{"line":95,"column":71}}]},"19":{"type":"branch","line":95,"loc":{"start":{"line":95,"column":41},"end":{"line":95,"column":73}},"locations":[{"start":{"line":95,"column":41},"end":{"line":95,"column":73}}]},"20":{"type":"branch","line":115,"loc":{"start":{"line":115,"column":19},"end":{"line":115,"column":41}},"locations":[{"start":{"line":115,"column":19},"end":{"line":115,"column":41}}]},"21":{"type":"branch","line":117,"loc":{"start":{"line":117,"column":2},"end":{"line":119,"column":3}},"locations":[{"start":{"line":117,"column":2},"end":{"line":119,"column":3}}]},"22":{"type":"branch","line":118,"loc":{"start":{"line":118,"column":17},"end":{"line":118,"column":55}},"locations":[{"start":{"line":118,"column":17},"end":{"line":118,"column":55}}]},"23":{"type":"branch","line":125,"loc":{"start":{"line":125,"column":2},"end":{"line":147,"column":3}},"locations":[{"start":{"line":125,"column":2},"end":{"line":147,"column":3}}]},"24":{"type":"branch","line":129,"loc":{"start":{"line":129,"column":35},"end":{"line":138,"column":5}},"locations":[{"start":{"line":129,"column":35},"end":{"line":138,"column":5}}]},"25":{"type":"branch","line":130,"loc":{"start":{"line":130,"column":86},"end":{"line":137,"column":7}},"locations":[{"start":{"line":130,"column":86},"end":{"line":137,"column":7}}]},"26":{"type":"branch","line":154,"loc":{"start":{"line":154,"column":2},"end":{"line":175,"column":3}},"locations":[{"start":{"line":154,"column":2},"end":{"line":175,"column":3}}]}},"b":{"0":[7],"1":[4],"2":[4],"3":[4],"4":[6],"5":[4],"6":[2],"7":[7],"8":[1],"9":[1],"10":[1],"11":[1],"12":[0],"13":[7],"14":[2],"15":[3],"16":[2],"17":[3],"18":[2],"19":[1],"20":[8],"21":[8],"22":[7],"23":[8],"24":[22],"25":[8],"26":[1]},"fnMap":{"0":{"name":"detect","decl":{"start":{"line":50,"column":10},"end":{"line":52,"column":63}},"loc":{"start":{"line":50,"column":10},"end":{"line":52,"column":63}},"line":50},"1":{"name":"resolve","decl":{"start":{"line":53,"column":11},"end":{"line":61,"column":4}},"loc":{"start":{"line":53,"column":11},"end":{"line":61,"column":4}},"line":53},"2":{"name":"detect","decl":{"start":{"line":70,"column":10},"end":{"line":72,"column":49}},"loc":{"start":{"line":70,"column":10},"end":{"line":72,"column":49}},"line":70},"3":{"name":"resolve","decl":{"start":{"line":73,"column":11},"end":{"line":81,"column":4}},"loc":{"start":{"line":73,"column":11},"end":{"line":81,"column":4}},"line":73},"4":{"name":"detect","decl":{"start":{"line":90,"column":10},"end":{"line":92,"column":64}},"loc":{"start":{"line":90,"column":10},"end":{"line":92,"column":64}},"line":90},"5":{"name":"resolve","decl":{"start":{"line":93,"column":11},"end":{"line":101,"column":4}},"loc":{"start":{"line":93,"column":11},"end":{"line":101,"column":4}},"line":93},"6":{"name":"<instance_members_initializer>","decl":{"start":{"line":115,"column":19},"end":{"line":115,"column":41}},"loc":{"start":{"line":115,"column":19},"end":{"line":115,"column":41}},"line":115},"7":{"name":"HybridEngine","decl":{"start":{"line":117,"column":2},"end":{"line":119,"column":3}},"loc":{"start":{"line":117,"column":2},"end":{"line":119,"column":3}},"line":117},"8":{"name":"merge","decl":{"start":{"line":125,"column":2},"end":{"line":147,"column":3}},"loc":{"start":{"line":125,"column":2},"end":{"line":147,"column":3}},"line":125},"9":{"name":"mergeFullSignatures","decl":{"start":{"line":154,"column":2},"end":{"line":175,"column":3}},"loc":{"start":{"line":154,"column":2},"end":{"line":175,"column":3}},"line":154}},"f":{"0":7,"1":4,"2":7,"3":1,"4":7,"5":2,"6":8,"7":8,"8":8,"9":1}}
,"/home/ramses/UOAM/src/engines/qdrant-search-engine.ts": {"path":"/home/ramses/UOAM/src/engines/qdrant-search-engine.ts","all":false,"statementMap":{"0":{"start":{"line":1,"column":0},"end":{"line":1,"column":3}},"1":{"start":{"line":2,"column":0},"end":{"line":2,"column":57}},"2":{"start":{"line":3,"column":0},"end":{"line":3,"column":2}},"3":{"start":{"line":4,"column":0},"end":{"line":4,"column":53}},"4":{"start":{"line":5,"column":0},"end":{"line":5,"column":58}},"5":{"start":{"line":6,"column":0},"end":{"line":6,"column":64}},"6":{"start":{"line":7,"column":0},"end":{"line":7,"column":29}},"7":{"start":{"line":8,"column":0},"end":{"line":8,"column":2}},"8":{"start":{"line":9,"column":0},"end":{"line":9,"column":61}},"9":{"start":{"line":10,"column":0},"end":{"line":10,"column":39}},"10":{"start":{"line":11,"column":0},"end":{"line":11,"column":3}},"11":{"start":{"line":12,"column":0},"end":{"line":12,"column":0}},"12":{"start":{"line":13,"column":0},"end":{"line":13,"column":72}},"13":{"start":{"line":14,"column":0},"end":{"line":14,"column":0}},"14":{"start":{"line":15,"column":0},"end":{"line":15,"column":68}},"15":{"start":{"line":16,"column":0},"end":{"line":16,"column":0}},"16":{"start":{"line":17,"column":0},"end":{"line":17,"column":31}},"17":{"start":{"line":18,"column":0},"end":{"line":18,"column":19}},"18":{"start":{"line":19,"column":0},"end":{"line":19,"column":16}},"19":{"start":{"line":20,"column":0},"end":{"line":20,"column":28}},"20":{"start":{"line":21,"column":0},"end":{"line":21,"column":1}},"21":{"start":{"line":22,"column":0},"end":{"line":22,"column":0}},"22":{"start":{"line":23,"column":0},"end":{"line":23,"column":36}},"23":{"start":{"line":24,"column":0},"end":{"line":24,"column":32}},"24":{"start":{"line":25,"column":0},"end":{"line":25,"column":29}},"25":{"start":{"line":26,"column":0},"end":{"line":26,"column":49}},"26":{"start":{"line":27,"column":0},"end":{"line":27,"column":26}},"27":{"start":{"line":28,"column":0},"end":{"line":28,"column":1}},"28":{"start":{"line":29,"column":0},"end":{"line":29,"column":0}},"29":{"start":{"line":30,"column":0},"end":{"line":30,"column":68}},"30":{"start":{"line":31,"column":0},"end":{"line":31,"column":0}},"31":{"start":{"line":32,"column":0},"end":{"line":32,"column":53}},"32":{"start":{"line":33,"column":0},"end":{"line":33,"column":24}},"33":{"start":{"line":34,"column":0},"end":{"line":34,"column":0}},"34":{"start":{"line":35,"column":0},"end":{"line":35,"column":31}},"35":{"start":{"line":36,"column":0},"end":{"line":36,"column":13}},"36":{"start":{"line":37,"column":0},"end":{"line":37,"column":14}},"37":{"start":{"line":38,"column":0},"end":{"line":38,"column":11}},"38":{"start":{"line":39,"column":0},"end":{"line":39,"column":11}},"39":{"start":{"line":40,"column":0},"end":{"line":40,"column":0}},"40":{"start":{"line":41,"column":0},"end":{"line":41,"column":67}},"41":{"start":{"line":42,"column":0},"end":{"line":42,"column":0}},"42":{"start":{"line":43,"column":0},"end":{"line":43,"column":33}},"43":{"start":{"line":44,"column":0},"end":{"line":44,"column":14}},"44":{"start":{"line":45,"column":0},"end":{"line":45,"column":56}},"45":{"start":{"line":46,"column":0},"end":{"line":46,"column":65}},"46":{"start":{"line":47,"column":0},"end":{"line":47,"column":6}},"47":{"start":{"line":48,"column":0},"end":{"line":48,"column":0}},"48":{"start":{"line":49,"column":0},"end":{"line":49,"column":5}},"49":{"start":{"line":50,"column":0},"end":{"line":50,"column":60}},"50":{"start":{"line":51,"column":0},"end":{"line":51,"column":50}},"51":{"start":{"line":52,"column":0},"end":{"line":52,"column":5}},"52":{"start":{"line":53,"column":0},"end":{"line":53,"column":22}},"53":{"start":{"line":54,"column":0},"end":{"line":54,"column":23}},"54":{"start":{"line":55,"column":0},"end":{"line":55,"column":50}},"55":{"start":{"line":56,"column":0},"end":{"line":56,"column":30}},"56":{"start":{"line":57,"column":0},"end":{"line":57,"column":45}},"57":{"start":{"line":58,"column":0},"end":{"line":58,"column":81}},"58":{"start":{"line":59,"column":0},"end":{"line":59,"column":5}},"59":{"start":{"line":60,"column":0},"end":{"line":60,"column":0}},"60":{"start":{"line":61,"column":0},"end":{"line":61,"column":74}},"61":{"start":{"line":62,"column":0},"end":{"line":62,"column":23}},"62":{"start":{"line":63,"column":0},"end":{"line":63,"column":27}},"63":{"start":{"line":64,"column":0},"end":{"line":64,"column":7}},"64":{"start":{"line":65,"column":0},"end":{"line":65,"column":0}},"65":{"start":{"line":66,"column":0},"end":{"line":66,"column":19}},"66":{"start":{"line":67,"column":0},"end":{"line":67,"column":46}},"67":{"start":{"line":68,"column":0},"end":{"line":68,"column":22}},"68":{"start":{"line":69,"column":0},"end":{"line":69,"column":86}},"69":{"start":{"line":70,"column":0},"end":{"line":70,"column":25}},"70":{"start":{"line":71,"column":0},"end":{"line":71,"column":10}},"71":{"start":{"line":72,"column":0},"end":{"line":72,"column":3}},"72":{"start":{"line":73,"column":0},"end":{"line":73,"column":0}},"73":{"start":{"line":74,"column":0},"end":{"line":74,"column":5}},"74":{"start":{"line":75,"column":0},"end":{"line":75,"column":57}},"75":{"start":{"line":76,"column":0},"end":{"line":76,"column":41}},"76":{"start":{"line":77,"column":0},"end":{"line":77,"column":5}},"77":{"start":{"line":78,"column":0},"end":{"line":78,"column":77}},"78":{"start":{"line":79,"column":0},"end":{"line":79,"column":61}},"79":{"start":{"line":80,"column":0},"end":{"line":80,"column":0}},"80":{"start":{"line":81,"column":0},"end":{"line":81,"column":50}},"81":{"start":{"line":82,"column":0},"end":{"line":82,"column":50}},"82":{"start":{"line":83,"column":0},"end":{"line":83,"column":6}},"83":{"start":{"line":84,"column":0},"end":{"line":84,"column":0}},"84":{"start":{"line":85,"column":0},"end":{"line":85,"column":84}},"85":{"start":{"line":86,"column":0},"end":{"line":86,"column":0}},"86":{"start":{"line":87,"column":0},"end":{"line":87,"column":61}},"87":{"start":{"line":88,"column":0},"end":{"line":88,"column":19}},"88":{"start":{"line":89,"column":0},"end":{"line":89,"column":57}},"89":{"start":{"line":90,"column":0},"end":{"line":90,"column":28}},"90":{"start":{"line":91,"column":0},"end":{"line":91,"column":66}},"91":{"start":{"line":92,"column":0},"end":{"line":92,"column":30}},"92":{"start":{"line":93,"column":0},"end":{"line":93,"column":14}},"93":{"start":{"line":94,"column":0},"end":{"line":94,"column":27}},"94":{"start":{"line":95,"column":0},"end":{"line":95,"column":7}},"95":{"start":{"line":96,"column":0},"end":{"line":96,"column":5}},"96":{"start":{"line":97,"column":0},"end":{"line":97,"column":0}},"97":{"start":{"line":98,"column":0},"end":{"line":98,"column":12}},"98":{"start":{"line":99,"column":0},"end":{"line":99,"column":15}},"99":{"start":{"line":100,"column":0},"end":{"line":100,"column":38}},"100":{"start":{"line":101,"column":0},"end":{"line":101,"column":17}},"101":{"start":{"line":102,"column":0},"end":{"line":102,"column":50}},"102":{"start":{"line":103,"column":0},"end":{"line":103,"column":6}},"103":{"start":{"line":104,"column":0},"end":{"line":104,"column":3}},"104":{"start":{"line":105,"column":0},"end":{"line":105,"column":1}}},"s":{"0":1,"1":1,"2":1,"3":1,"4":1,"5":1,"6":1,"7":1,"8":1,"9":1,"10":1,"11":1,"12":1,"13":1,"14":1,"15":1,"16":1,"17":1,"18":1,"19":1,"20":1,"21":1,"22":1,"23":1,"24":1,"25":1,"26":1,"27":1,"28":1,"29":1,"30":1,"31":1,"32":1,"33":1,"34":1,"35":1,"36":1,"37":1,"38":1,"39":1,"40":1,"41":1,"42":1,"43":1,"44":9,"45":9,"46":9,"47":1,"48":1,"49":1,"50":1,"51":1,"52":1,"53":9,"54":9,"55":9,"56":9,"57":1,"58":1,"59":8,"60":8,"61":8,"62":8,"63":8,"64":8,"65":8,"66":8,"67":8,"68":8,"69":8,"70":8,"71":9,"72":1,"73":1,"74":1,"75":1,"76":1,"77":1,"78":4,"79":4,"80":4,"81":4,"82":4,"83":4,"84":4,"85":4,"86":4,"87":4,"88":3,"89":1,"90":3,"91":1,"92":1,"93":1,"94":1,"95":3,"96":4,"97":4,"98":4,"99":4,"100":4,"101":4,"102":4,"103":4,"104":1},"branchMap":{"0":{"type":"branch","line":44,"loc":{"start":{"line":44,"column":2},"end":{"line":47,"column":6}},"locations":[{"start":{"line":44,"column":2},"end":{"line":47,"column":6}}]},"1":{"type":"branch","line":53,"loc":{"start":{"line":53,"column":2},"end":{"line":72,"column":3}},"locations":[{"start":{"line":53,"column":2},"end":{"line":72,"column":3}}]},"2":{"type":"branch","line":57,"loc":{"start":{"line":57,"column":44},"end":{"line":59,"column":5}},"locations":[{"start":{"line":57,"column":44},"end":{"line":59,"column":5}}]},"3":{"type":"branch","line":59,"loc":{"start":{"line":59,"column":4},"end":{"line":71,"column":10}},"locations":[{"start":{"line":59,"column":4},"end":{"line":71,"column":10}}]},"4":{"type":"branch","line":67,"loc":{"start":{"line":67,"column":14},"end":{"line":67,"column":45}},"locations":[{"start":{"line":67,"column":14},"end":{"line":67,"column":45}}]},"5":{"type":"branch","line":68,"loc":{"start":{"line":68,"column":11},"end":{"line":71,"column":8}},"locations":[{"start":{"line":68,"column":11},"end":{"line":71,"column":8}}]},"6":{"type":"branch","line":69,"loc":{"start":{"line":69,"column":56},"end":{"line":69,"column":86}},"locations":[{"start":{"line":69,"column":56},"end":{"line":69,"column":86}}]},"7":{"type":"branch","line":78,"loc":{"start":{"line":78,"column":2},"end":{"line":104,"column":3}},"locations":[{"start":{"line":78,"column":2},"end":{"line":104,"column":3}}]},"8":{"type":"branch","line":85,"loc":{"start":{"line":85,"column":50},"end":{"line":85,"column":79}},"locations":[{"start":{"line":85,"column":50},"end":{"line":85,"column":79}}]},"9":{"type":"branch","line":85,"loc":{"start":{"line":85,"column":75},"end":{"line":85,"column":84}},"locations":[{"start":{"line":85,"column":75},"end":{"line":85,"column":84}}]},"10":{"type":"branch","line":88,"loc":{"start":{"line":88,"column":18},"end":{"line":96,"column":5}},"locations":[{"start":{"line":88,"column":18},"end":{"line":96,"column":5}}]},"11":{"type":"branch","line":89,"loc":{"start":{"line":89,"column":56},"end":{"line":91,"column":17}},"locations":[{"start":{"line":89,"column":56},"end":{"line":91,"column":17}}]},"12":{"type":"branch","line":91,"loc":{"start":{"line":91,"column":6},"end":{"line":95,"column":7}},"locations":[{"start":{"line":91,"column":6},"end":{"line":95,"column":7}}]},"13":{"type":"branch","line":91,"loc":{"start":{"line":91,"column":65},"end":{"line":95,"column":7}},"locations":[{"start":{"line":91,"column":65},"end":{"line":95,"column":7}}]},"14":{"type":"branch","line":82,"loc":{"start":{"line":82,"column":6},"end":{"line":82,"column":50}},"locations":[{"start":{"line":82,"column":6},"end":{"line":82,"column":50}}]}},"b":{"0":[9],"1":[9],"2":[1],"3":[8],"4":[12],"5":[8],"6":[0],"7":[4],"8":[3],"9":[1],"10":[3],"11":[1],"12":[2],"13":[1],"14":[5]},"fnMap":{"0":{"name":"QdrantSearchEngine","decl":{"start":{"line":44,"column":2},"end":{"line":47,"column":6}},"loc":{"start":{"line":44,"column":2},"end":{"line":47,"column":6}},"line":44},"1":{"name":"searchSimilar","decl":{"start":{"line":53,"column":2},"end":{"line":72,"column":3}},"loc":{"start":{"line":53,"column":2},"end":{"line":72,"column":3}},"line":53},"2":{"name":"generateAttribution","decl":{"start":{"line":78,"column":2},"end":{"line":104,"column":3}},"loc":{"start":{"line":78,"column":2},"end":{"line":104,"column":3}},"line":78}},"f":{"0":9,"1":9,"2":4}}
,"/home/ramses/UOAM/src/services/llm-integration.service.ts": {"path":"/home/ramses/UOAM/src/services/llm-integration.service.ts","all":false,"statementMap":{"0":{"start":{"line":1,"column":0},"end":{"line":1,"column":3}},"1":{"start":{"line":2,"column":0},"end":{"line":2,"column":84}},"2":{"start":{"line":3,"column":0},"end":{"line":3,"column":2}},"3":{"start":{"line":4,"column":0},"end":{"line":4,"column":49}},"4":{"start":{"line":5,"column":0},"end":{"line":5,"column":83}},"5":{"start":{"line":6,"column":0},"end":{"line":6,"column":78}},"6":{"start":{"line":7,"column":0},"end":{"line":7,"column":79}},"7":{"start":{"line":8,"column":0},"end":{"line":8,"column":2}},"8":{"start":{"line":9,"column":0},"end":{"line":9,"column":74}},"9":{"start":{"line":10,"column":0},"end":{"line":10,"column":3}},"10":{"start":{"line":11,"column":0},"end":{"line":11,"column":0}},"11":{"start":{"line":12,"column":0},"end":{"line":12,"column":84}},"12":{"start":{"line":13,"column":0},"end":{"line":13,"column":0}},"13":{"start":{"line":14,"column":0},"end":{"line":14,"column":68}},"14":{"start":{"line":15,"column":0},"end":{"line":15,"column":0}},"15":{"start":{"line":16,"column":0},"end":{"line":16,"column":56}},"16":{"start":{"line":17,"column":0},"end":{"line":17,"column":35}},"17":{"start":{"line":18,"column":0},"end":{"line":18,"column":10}},"18":{"start":{"line":19,"column":0},"end":{"line":19,"column":123}},"19":{"start":{"line":20,"column":0},"end":{"line":20,"column":6}},"20":{"start":{"line":21,"column":0},"end":{"line":21,"column":46}},"21":{"start":{"line":22,"column":0},"end":{"line":22,"column":3}},"22":{"start":{"line":23,"column":0},"end":{"line":23,"column":1}},"23":{"start":{"line":24,"column":0},"end":{"line":24,"column":0}},"24":{"start":{"line":25,"column":0},"end":{"line":25,"column":46}},"25":{"start":{"line":26,"column":0},"end":{"line":26,"column":17}},"26":{"start":{"line":27,"column":0},"end":{"line":27,"column":84}},"27":{"start":{"line":28,"column":0},"end":{"line":28,"column":36}},"28":{"start":{"line":29,"column":0},"end":{"line":29,"column":3}},"29":{"start":{"line":30,"column":0},"end":{"line":30,"column":1}},"30":{"start":{"line":31,"column":0},"end":{"line":31,"column":0}},"31":{"start":{"line":32,"column":0},"end":{"line":32,"column":68}},"32":{"start":{"line":33,"column":0},"end":{"line":33,"column":0}},"33":{"start":{"line":34,"column":0},"end":{"line":34,"column":37}},"34":{"start":{"line":35,"column":0},"end":{"line":35,"column":0}},"35":{"start":{"line":36,"column":0},"end":{"line":36,"column":68}},"36":{"start":{"line":37,"column":0},"end":{"line":37,"column":0}},"37":{"start":{"line":38,"column":0},"end":{"line":38,"column":36}},"38":{"start":{"line":39,"column":0},"end":{"line":39,"column":55}},"39":{"start":{"line":40,"column":0},"end":{"line":40,"column":0}},"40":{"start":{"line":41,"column":0},"end":{"line":41,"column":5}},"41":{"start":{"line":42,"column":0},"end":{"line":42,"column":63}},"42":{"start":{"line":43,"column":0},"end":{"line":43,"column":4}},"43":{"start":{"line":44,"column":0},"end":{"line":44,"column":84}},"44":{"start":{"line":45,"column":0},"end":{"line":45,"column":50}},"45":{"start":{"line":46,"column":0},"end":{"line":46,"column":62}},"46":{"start":{"line":47,"column":0},"end":{"line":47,"column":61}},"47":{"start":{"line":48,"column":0},"end":{"line":48,"column":5}},"48":{"start":{"line":49,"column":0},"end":{"line":49,"column":81}},"49":{"start":{"line":50,"column":0},"end":{"line":50,"column":34}},"50":{"start":{"line":51,"column":0},"end":{"line":51,"column":0}},"51":{"start":{"line":52,"column":0},"end":{"line":52,"column":54}},"52":{"start":{"line":53,"column":0},"end":{"line":53,"column":69}},"53":{"start":{"line":54,"column":0},"end":{"line":54,"column":0}},"54":{"start":{"line":55,"column":0},"end":{"line":55,"column":12}},"55":{"start":{"line":56,"column":0},"end":{"line":56,"column":24}},"56":{"start":{"line":57,"column":0},"end":{"line":57,"column":14}},"57":{"start":{"line":58,"column":0},"end":{"line":58,"column":30}},"58":{"start":{"line":59,"column":0},"end":{"line":59,"column":6}},"59":{"start":{"line":60,"column":0},"end":{"line":60,"column":3}},"60":{"start":{"line":61,"column":0},"end":{"line":61,"column":0}},"61":{"start":{"line":62,"column":0},"end":{"line":62,"column":5}},"62":{"start":{"line":63,"column":0},"end":{"line":63,"column":64}},"63":{"start":{"line":64,"column":0},"end":{"line":64,"column":5}},"64":{"start":{"line":65,"column":0},"end":{"line":65,"column":84}},"65":{"start":{"line":66,"column":0},"end":{"line":66,"column":30}},"66":{"start":{"line":67,"column":0},"end":{"line":67,"column":87}},"67":{"start":{"line":68,"column":0},"end":{"line":68,"column":5}},"68":{"start":{"line":69,"column":0},"end":{"line":69,"column":0}},"69":{"start":{"line":70,"column":0},"end":{"line":70,"column":91}},"70":{"start":{"line":71,"column":0},"end":{"line":71,"column":35}},"71":{"start":{"line":72,"column":0},"end":{"line":72,"column":44}},"72":{"start":{"line":73,"column":0},"end":{"line":73,"column":55}},"73":{"start":{"line":74,"column":0},"end":{"line":74,"column":8}},"74":{"start":{"line":75,"column":0},"end":{"line":75,"column":5}},"75":{"start":{"line":76,"column":0},"end":{"line":76,"column":0}},"76":{"start":{"line":77,"column":0},"end":{"line":77,"column":62}},"77":{"start":{"line":78,"column":0},"end":{"line":78,"column":63}},"78":{"start":{"line":79,"column":0},"end":{"line":79,"column":0}},"79":{"start":{"line":80,"column":0},"end":{"line":80,"column":12}},"80":{"start":{"line":81,"column":0},"end":{"line":81,"column":24}},"81":{"start":{"line":82,"column":0},"end":{"line":82,"column":32}},"82":{"start":{"line":83,"column":0},"end":{"line":83,"column":30}},"83":{"start":{"line":84,"column":0},"end":{"line":84,"column":6}},"84":{"start":{"line":85,"column":0},"end":{"line":85,"column":3}},"85":{"start":{"line":86,"column":0},"end":{"line":86,"column":0}},"86":{"start":{"line":87,"column":0},"end":{"line":87,"column":23}},"87":{"start":{"line":88,"column":0},"end":{"line":88,"column":0}},"88":{"start":{"line":89,"column":0},"end":{"line":89,"column":54}},"89":{"start":{"line":90,"column":0},"end":{"line":90,"column":57}},"90":{"start":{"line":91,"column":0},"end":{"line":91,"column":36}},"91":{"start":{"line":92,"column":0},"end":{"line":92,"column":5}},"92":{"start":{"line":93,"column":0},"end":{"line":93,"column":0}},"93":{"start":{"line":94,"column":0},"end":{"line":94,"column":56}},"94":{"start":{"line":95,"column":0},"end":{"line":95,"column":64}},"95":{"start":{"line":96,"column":0},"end":{"line":96,"column":5}},"96":{"start":{"line":97,"column":0},"end":{"line":97,"column":3}},"97":{"start":{"line":98,"column":0},"end":{"line":98,"column":0}},"98":{"start":{"line":99,"column":0},"end":{"line":99,"column":29}},"99":{"start":{"line":100,"column":0},"end":{"line":100,"column":0}},"100":{"start":{"line":101,"column":0},"end":{"line":101,"column":55}},"101":{"start":{"line":102,"column":0},"end":{"line":102,"column":12}},"102":{"start":{"line":103,"column":0},"end":{"line":103,"column":82}},"103":{"start":{"line":104,"column":0},"end":{"line":104,"column":50}},"104":{"start":{"line":105,"column":0},"end":{"line":105,"column":57}},"105":{"start":{"line":106,"column":0},"end":{"line":106,"column":70}},"106":{"start":{"line":107,"column":0},"end":{"line":107,"column":42}},"107":{"start":{"line":108,"column":0},"end":{"line":108,"column":17}},"108":{"start":{"line":109,"column":0},"end":{"line":109,"column":3}},"109":{"start":{"line":110,"column":0},"end":{"line":110,"column":0}},"110":{"start":{"line":111,"column":0},"end":{"line":111,"column":66}},"111":{"start":{"line":112,"column":0},"end":{"line":112,"column":28}},"112":{"start":{"line":113,"column":0},"end":{"line":113,"column":11}},"113":{"start":{"line":114,"column":0},"end":{"line":114,"column":17}},"114":{"start":{"line":115,"column":0},"end":{"line":115,"column":98}},"115":{"start":{"line":116,"column":0},"end":{"line":116,"column":7}},"116":{"start":{"line":117,"column":0},"end":{"line":117,"column":18}},"117":{"start":{"line":118,"column":0},"end":{"line":118,"column":0}},"118":{"start":{"line":119,"column":0},"end":{"line":119,"column":12}},"119":{"start":{"line":120,"column":0},"end":{"line":120,"column":89}},"120":{"start":{"line":121,"column":0},"end":{"line":121,"column":14}},"121":{"start":{"line":122,"column":0},"end":{"line":122,"column":81}},"122":{"start":{"line":123,"column":0},"end":{"line":123,"column":17}},"123":{"start":{"line":124,"column":0},"end":{"line":124,"column":3}},"124":{"start":{"line":125,"column":0},"end":{"line":125,"column":1}}},"s":{"0":1,"1":1,"2":1,"3":1,"4":1,"5":1,"6":1,"7":1,"8":1,"9":1,"10":1,"11":1,"12":1,"13":1,"14":1,"15":1,"16":1,"17":2,"18":2,"19":2,"20":2,"21":2,"22":1,"23":1,"24":1,"25":1,"26":2,"27":2,"28":2,"29":1,"30":1,"31":1,"32":1,"33":1,"34":1,"35":1,"36":1,"37":1,"38":1,"39":1,"40":1,"41":1,"42":1,"43":1,"44":1,"45":1,"46":1,"47":1,"48":1,"49":7,"50":7,"51":7,"52":7,"53":4,"54":4,"55":4,"56":4,"57":4,"58":4,"59":7,"60":1,"61":1,"62":1,"63":1,"64":1,"65":3,"66":1,"67":1,"68":2,"69":2,"70":3,"71":1,"72":1,"73":1,"74":1,"75":1,"76":1,"77":1,"78":1,"79":1,"80":1,"81":1,"82":1,"83":1,"84":3,"85":1,"86":1,"87":1,"88":1,"89":7,"90":2,"91":2,"92":5,"93":7,"94":1,"95":1,"96":7,"97":1,"98":1,"99":1,"100":1,"101":4,"102":4,"103":4,"104":4,"105":4,"106":4,"107":4,"108":4,"109":1,"110":1,"111":1,"112":1,"113":1,"114":2,"115":1,"116":1,"117":1,"118":1,"119":1,"120":1,"121":1,"122":1,"123":1,"124":1},"branchMap":{"0":{"type":"branch","line":17,"loc":{"start":{"line":17,"column":2},"end":{"line":22,"column":3}},"locations":[{"start":{"line":17,"column":2},"end":{"line":22,"column":3}}]},"1":{"type":"branch","line":26,"loc":{"start":{"line":26,"column":2},"end":{"line":29,"column":3}},"locations":[{"start":{"line":26,"column":2},"end":{"line":29,"column":3}}]},"2":{"type":"branch","line":39,"loc":{"start":{"line":39,"column":2},"end":{"line":39,"column":55}},"locations":[{"start":{"line":39,"column":2},"end":{"line":39,"column":55}}]},"3":{"type":"branch","line":49,"loc":{"start":{"line":49,"column":2},"end":{"line":60,"column":3}},"locations":[{"start":{"line":49,"column":2},"end":{"line":60,"column":3}}]},"4":{"type":"branch","line":53,"loc":{"start":{"line":53,"column":67},"end":{"line":59,"column":6}},"locations":[{"start":{"line":53,"column":67},"end":{"line":59,"column":6}}]},"5":{"type":"branch","line":65,"loc":{"start":{"line":65,"column":2},"end":{"line":85,"column":3}},"locations":[{"start":{"line":65,"column":2},"end":{"line":85,"column":3}}]},"6":{"type":"branch","line":66,"loc":{"start":{"line":66,"column":29},"end":{"line":68,"column":5}},"locations":[{"start":{"line":66,"column":29},"end":{"line":68,"column":5}}]},"7":{"type":"branch","line":68,"loc":{"start":{"line":68,"column":4},"end":{"line":71,"column":34}},"locations":[{"start":{"line":68,"column":4},"end":{"line":71,"column":34}}]},"8":{"type":"branch","line":71,"loc":{"start":{"line":71,"column":34},"end":{"line":84,"column":6}},"locations":[{"start":{"line":71,"column":34},"end":{"line":84,"column":6}}]},"9":{"type":"branch","line":70,"loc":{"start":{"line":70,"column":42},"end":{"line":70,"column":89}},"locations":[{"start":{"line":70,"column":42},"end":{"line":70,"column":89}}]},"10":{"type":"branch","line":73,"loc":{"start":{"line":73,"column":33},"end":{"line":73,"column":52}},"locations":[{"start":{"line":73,"column":33},"end":{"line":73,"column":52}}]},"11":{"type":"branch","line":89,"loc":{"start":{"line":89,"column":10},"end":{"line":97,"column":3}},"locations":[{"start":{"line":89,"column":10},"end":{"line":97,"column":3}}]},"12":{"type":"branch","line":90,"loc":{"start":{"line":90,"column":17},"end":{"line":90,"column":56}},"locations":[{"start":{"line":90,"column":17},"end":{"line":90,"column":56}}]},"13":{"type":"branch","line":90,"loc":{"start":{"line":90,"column":56},"end":{"line":92,"column":5}},"locations":[{"start":{"line":90,"column":56},"end":{"line":92,"column":5}}]},"14":{"type":"branch","line":92,"loc":{"start":{"line":92,"column":4},"end":{"line":94,"column":55}},"locations":[{"start":{"line":92,"column":4},"end":{"line":94,"column":55}}]},"15":{"type":"branch","line":94,"loc":{"start":{"line":94,"column":55},"end":{"line":96,"column":5}},"locations":[{"start":{"line":94,"column":55},"end":{"line":96,"column":5}}]},"16":{"type":"branch","line":101,"loc":{"start":{"line":101,"column":10},"end":{"line":109,"column":3}},"locations":[{"start":{"line":101,"column":10},"end":{"line":109,"column":3}}]},"17":{"type":"branch","line":111,"loc":{"start":{"line":111,"column":10},"end":{"line":124,"column":3}},"locations":[{"start":{"line":111,"column":10},"end":{"line":124,"column":3}}]},"18":{"type":"branch","line":114,"loc":{"start":{"line":114,"column":8},"end":{"line":115,"column":98}},"locations":[{"start":{"line":114,"column":8},"end":{"line":115,"column":98}}]}},"b":{"0":[2],"1":[2],"2":[10],"3":[7],"4":[4],"5":[3],"6":[1],"7":[2],"8":[1],"9":[4],"10":[2],"11":[7],"12":[6],"13":[2],"14":[5],"15":[1],"16":[4],"17":[1],"18":[2]},"fnMap":{"0":{"name":"InsufficientConfidenceError","decl":{"start":{"line":17,"column":2},"end":{"line":22,"column":3}},"loc":{"start":{"line":17,"column":2},"end":{"line":22,"column":3}},"line":17},"1":{"name":"EmptyContextError","decl":{"start":{"line":26,"column":2},"end":{"line":29,"column":3}},"loc":{"start":{"line":26,"column":2},"end":{"line":29,"column":3}},"line":26},"2":{"name":"LLMIntegrationService","decl":{"start":{"line":39,"column":2},"end":{"line":39,"column":55}},"loc":{"start":{"line":39,"column":2},"end":{"line":39,"column":55}},"line":39},"3":{"name":"generateArrangementReport","decl":{"start":{"line":49,"column":2},"end":{"line":60,"column":3}},"loc":{"start":{"line":49,"column":2},"end":{"line":60,"column":3}},"line":49},"4":{"name":"generateComparativeReport","decl":{"start":{"line":65,"column":2},"end":{"line":85,"column":3}},"loc":{"start":{"line":65,"column":2},"end":{"line":85,"column":3}},"line":65},"5":{"name":"validateContext","decl":{"start":{"line":89,"column":10},"end":{"line":97,"column":3}},"loc":{"start":{"line":89,"column":10},"end":{"line":97,"column":3}},"line":89},"6":{"name":"buildRAGPrompt","decl":{"start":{"line":101,"column":10},"end":{"line":109,"column":3}},"loc":{"start":{"line":101,"column":10},"end":{"line":109,"column":3}},"line":101},"7":{"name":"buildComparativePrompt","decl":{"start":{"line":111,"column":10},"end":{"line":124,"column":3}},"loc":{"start":{"line":111,"column":10},"end":{"line":124,"column":3}},"line":111}},"f":{"0":2,"1":2,"2":10,"3":7,"4":3,"5":7,"6":4,"7":1}}
,"/home/ramses/UOAM/src/services/user.service.ts": {"path":"/home/ramses/UOAM/src/services/user.service.ts","all":false,"statementMap":{"0":{"start":{"line":1,"column":0},"end":{"line":1,"column":3}},"1":{"start":{"line":2,"column":0},"end":{"line":2,"column":68}},"2":{"start":{"line":3,"column":0},"end":{"line":3,"column":2}},"3":{"start":{"line":4,"column":0},"end":{"line":4,"column":63}},"4":{"start":{"line":5,"column":0},"end":{"line":5,"column":67}},"5":{"start":{"line":6,"column":0},"end":{"line":6,"column":67}},"6":{"start":{"line":7,"column":0},"end":{"line":7,"column":42}},"7":{"start":{"line":8,"column":0},"end":{"line":8,"column":2}},"8":{"start":{"line":9,"column":0},"end":{"line":9,"column":52}},"9":{"start":{"line":10,"column":0},"end":{"line":10,"column":48}},"10":{"start":{"line":11,"column":0},"end":{"line":11,"column":3}},"11":{"start":{"line":12,"column":0},"end":{"line":12,"column":0}},"12":{"start":{"line":13,"column":0},"end":{"line":13,"column":36}},"13":{"start":{"line":14,"column":0},"end":{"line":14,"column":0}},"14":{"start":{"line":15,"column":0},"end":{"line":15,"column":68}},"15":{"start":{"line":16,"column":0},"end":{"line":16,"column":0}},"16":{"start":{"line":17,"column":0},"end":{"line":17,"column":57}},"17":{"start":{"line":18,"column":0},"end":{"line":18,"column":0}},"18":{"start":{"line":19,"column":0},"end":{"line":19,"column":23}},"19":{"start":{"line":20,"column":0},"end":{"line":20,"column":13}},"20":{"start":{"line":21,"column":0},"end":{"line":21,"column":16}},"21":{"start":{"line":22,"column":0},"end":{"line":22,"column":17}},"22":{"start":{"line":23,"column":0},"end":{"line":23,"column":18}},"23":{"start":{"line":24,"column":0},"end":{"line":24,"column":1}},"24":{"start":{"line":25,"column":0},"end":{"line":25,"column":0}},"25":{"start":{"line":26,"column":0},"end":{"line":26,"column":37}},"26":{"start":{"line":27,"column":0},"end":{"line":27,"column":33}},"27":{"start":{"line":28,"column":0},"end":{"line":28,"column":17}},"28":{"start":{"line":29,"column":0},"end":{"line":29,"column":27}},"29":{"start":{"line":30,"column":0},"end":{"line":30,"column":1}},"30":{"start":{"line":31,"column":0},"end":{"line":31,"column":0}},"31":{"start":{"line":32,"column":0},"end":{"line":32,"column":68}},"32":{"start":{"line":33,"column":0},"end":{"line":33,"column":0}},"33":{"start":{"line":34,"column":0},"end":{"line":34,"column":46}},"34":{"start":{"line":35,"column":0},"end":{"line":35,"column":30}},"35":{"start":{"line":36,"column":0},"end":{"line":36,"column":66}},"36":{"start":{"line":37,"column":0},"end":{"line":37,"column":36}},"37":{"start":{"line":38,"column":0},"end":{"line":38,"column":3}},"38":{"start":{"line":39,"column":0},"end":{"line":39,"column":1}},"39":{"start":{"line":40,"column":0},"end":{"line":40,"column":0}},"40":{"start":{"line":41,"column":0},"end":{"line":41,"column":46}},"41":{"start":{"line":42,"column":0},"end":{"line":42,"column":31}},"42":{"start":{"line":43,"column":0},"end":{"line":43,"column":43}},"43":{"start":{"line":44,"column":0},"end":{"line":44,"column":36}},"44":{"start":{"line":45,"column":0},"end":{"line":45,"column":3}},"45":{"start":{"line":46,"column":0},"end":{"line":46,"column":1}},"46":{"start":{"line":47,"column":0},"end":{"line":47,"column":0}},"47":{"start":{"line":48,"column":0},"end":{"line":48,"column":46}},"48":{"start":{"line":49,"column":0},"end":{"line":49,"column":47}},"49":{"start":{"line":50,"column":0},"end":{"line":50,"column":81}},"50":{"start":{"line":51,"column":0},"end":{"line":51,"column":36}},"51":{"start":{"line":52,"column":0},"end":{"line":52,"column":3}},"52":{"start":{"line":53,"column":0},"end":{"line":53,"column":1}},"53":{"start":{"line":54,"column":0},"end":{"line":54,"column":0}},"54":{"start":{"line":55,"column":0},"end":{"line":55,"column":48}},"55":{"start":{"line":56,"column":0},"end":{"line":56,"column":30}},"56":{"start":{"line":57,"column":0},"end":{"line":57,"column":52}},"57":{"start":{"line":58,"column":0},"end":{"line":58,"column":38}},"58":{"start":{"line":59,"column":0},"end":{"line":59,"column":3}},"59":{"start":{"line":60,"column":0},"end":{"line":60,"column":1}},"60":{"start":{"line":61,"column":0},"end":{"line":61,"column":0}},"61":{"start":{"line":62,"column":0},"end":{"line":62,"column":68}},"62":{"start":{"line":63,"column":0},"end":{"line":63,"column":0}},"63":{"start":{"line":64,"column":0},"end":{"line":64,"column":46}},"64":{"start":{"line":65,"column":0},"end":{"line":65,"column":78}},"65":{"start":{"line":66,"column":0},"end":{"line":66,"column":67}},"66":{"start":{"line":67,"column":0},"end":{"line":67,"column":68}},"67":{"start":{"line":68,"column":0},"end":{"line":68,"column":81}},"68":{"start":{"line":69,"column":0},"end":{"line":69,"column":66}},"69":{"start":{"line":70,"column":0},"end":{"line":70,"column":54}},"70":{"start":{"line":71,"column":0},"end":{"line":71,"column":55}},"71":{"start":{"line":72,"column":0},"end":{"line":72,"column":2}},"72":{"start":{"line":73,"column":0},"end":{"line":73,"column":0}},"73":{"start":{"line":74,"column":0},"end":{"line":74,"column":68}},"74":{"start":{"line":75,"column":0},"end":{"line":75,"column":0}},"75":{"start":{"line":76,"column":0},"end":{"line":76,"column":26}},"76":{"start":{"line":77,"column":0},"end":{"line":77,"column":62}},"77":{"start":{"line":78,"column":0},"end":{"line":78,"column":43}},"78":{"start":{"line":79,"column":0},"end":{"line":79,"column":44}},"79":{"start":{"line":80,"column":0},"end":{"line":80,"column":85}},"80":{"start":{"line":81,"column":0},"end":{"line":81,"column":0}},"81":{"start":{"line":82,"column":0},"end":{"line":82,"column":74}},"82":{"start":{"line":83,"column":0},"end":{"line":83,"column":85}},"83":{"start":{"line":84,"column":0},"end":{"line":84,"column":0}},"84":{"start":{"line":85,"column":0},"end":{"line":85,"column":5}},"85":{"start":{"line":86,"column":0},"end":{"line":86,"column":60}},"86":{"start":{"line":87,"column":0},"end":{"line":87,"column":4}},"87":{"start":{"line":88,"column":0},"end":{"line":88,"column":66}},"88":{"start":{"line":89,"column":0},"end":{"line":89,"column":68}},"89":{"start":{"line":90,"column":0},"end":{"line":90,"column":54}},"90":{"start":{"line":91,"column":0},"end":{"line":91,"column":5}},"91":{"start":{"line":92,"column":0},"end":{"line":92,"column":95}},"92":{"start":{"line":93,"column":0},"end":{"line":93,"column":30}},"93":{"start":{"line":94,"column":0},"end":{"line":94,"column":32}},"94":{"start":{"line":95,"column":0},"end":{"line":95,"column":31}},"95":{"start":{"line":96,"column":0},"end":{"line":96,"column":0}},"96":{"start":{"line":97,"column":0},"end":{"line":97,"column":57}},"97":{"start":{"line":98,"column":0},"end":{"line":98,"column":53}},"98":{"start":{"line":99,"column":0},"end":{"line":99,"column":23}},"99":{"start":{"line":100,"column":0},"end":{"line":100,"column":40}},"100":{"start":{"line":101,"column":0},"end":{"line":101,"column":11}},"101":{"start":{"line":102,"column":0},"end":{"line":102,"column":28}},"102":{"start":{"line":103,"column":0},"end":{"line":103,"column":21}},"103":{"start":{"line":104,"column":0},"end":{"line":104,"column":6}},"104":{"start":{"line":105,"column":0},"end":{"line":105,"column":0}},"105":{"start":{"line":106,"column":0},"end":{"line":106,"column":34}},"106":{"start":{"line":107,"column":0},"end":{"line":107,"column":0}},"107":{"start":{"line":108,"column":0},"end":{"line":108,"column":29}},"108":{"start":{"line":109,"column":0},"end":{"line":109,"column":12}},"109":{"start":{"line":110,"column":0},"end":{"line":110,"column":18}},"110":{"start":{"line":111,"column":0},"end":{"line":111,"column":24}},"111":{"start":{"line":112,"column":0},"end":{"line":112,"column":22}},"112":{"start":{"line":113,"column":0},"end":{"line":113,"column":32}},"113":{"start":{"line":114,"column":0},"end":{"line":114,"column":6}},"114":{"start":{"line":115,"column":0},"end":{"line":115,"column":3}},"115":{"start":{"line":116,"column":0},"end":{"line":116,"column":0}},"116":{"start":{"line":117,"column":0},"end":{"line":117,"column":5}},"117":{"start":{"line":118,"column":0},"end":{"line":118,"column":70}},"118":{"start":{"line":119,"column":0},"end":{"line":119,"column":4}},"119":{"start":{"line":120,"column":0},"end":{"line":120,"column":57}},"120":{"start":{"line":121,"column":0},"end":{"line":121,"column":5}},"121":{"start":{"line":122,"column":0},"end":{"line":122,"column":54}},"122":{"start":{"line":123,"column":0},"end":{"line":123,"column":68}},"123":{"start":{"line":124,"column":0},"end":{"line":124,"column":22}},"124":{"start":{"line":125,"column":0},"end":{"line":125,"column":57}},"125":{"start":{"line":126,"column":0},"end":{"line":126,"column":5}},"126":{"start":{"line":127,"column":0},"end":{"line":127,"column":0}},"127":{"start":{"line":128,"column":0},"end":{"line":128,"column":50}},"128":{"start":{"line":129,"column":0},"end":{"line":129,"column":48}},"129":{"start":{"line":130,"column":0},"end":{"line":130,"column":5}},"130":{"start":{"line":131,"column":0},"end":{"line":131,"column":0}},"131":{"start":{"line":132,"column":0},"end":{"line":132,"column":16}},"132":{"start":{"line":133,"column":0},"end":{"line":133,"column":3}},"133":{"start":{"line":134,"column":0},"end":{"line":134,"column":0}},"134":{"start":{"line":135,"column":0},"end":{"line":135,"column":5}},"135":{"start":{"line":136,"column":0},"end":{"line":136,"column":32}},"136":{"start":{"line":137,"column":0},"end":{"line":137,"column":5}},"137":{"start":{"line":138,"column":0},"end":{"line":138,"column":48}},"138":{"start":{"line":139,"column":0},"end":{"line":139,"column":50}},"139":{"start":{"line":140,"column":0},"end":{"line":140,"column":45}},"140":{"start":{"line":141,"column":0},"end":{"line":141,"column":38}},"141":{"start":{"line":142,"column":0},"end":{"line":142,"column":16}},"142":{"start":{"line":143,"column":0},"end":{"line":143,"column":22}},"143":{"start":{"line":144,"column":0},"end":{"line":144,"column":28}},"144":{"start":{"line":145,"column":0},"end":{"line":145,"column":26}},"145":{"start":{"line":146,"column":0},"end":{"line":146,"column":36}},"146":{"start":{"line":147,"column":0},"end":{"line":147,"column":10}},"147":{"start":{"line":148,"column":0},"end":{"line":148,"column":7}},"148":{"start":{"line":149,"column":0},"end":{"line":149,"column":5}},"149":{"start":{"line":150,"column":0},"end":{"line":150,"column":21}},"150":{"start":{"line":151,"column":0},"end":{"line":151,"column":3}},"151":{"start":{"line":152,"column":0},"end":{"line":152,"column":0}},"152":{"start":{"line":153,"column":0},"end":{"line":153,"column":32}},"153":{"start":{"line":154,"column":0},"end":{"line":154,"column":0}},"154":{"start":{"line":155,"column":0},"end":{"line":155,"column":46}},"155":{"start":{"line":156,"column":0},"end":{"line":156,"column":57}},"156":{"start":{"line":157,"column":0},"end":{"line":157,"column":54}},"157":{"start":{"line":158,"column":0},"end":{"line":158,"column":5}},"158":{"start":{"line":159,"column":0},"end":{"line":159,"column":3}},"159":{"start":{"line":160,"column":0},"end":{"line":160,"column":0}},"160":{"start":{"line":161,"column":0},"end":{"line":161,"column":48}},"161":{"start":{"line":162,"column":0},"end":{"line":162,"column":58}},"162":{"start":{"line":163,"column":0},"end":{"line":163,"column":34}},"163":{"start":{"line":164,"column":0},"end":{"line":164,"column":84}},"164":{"start":{"line":165,"column":0},"end":{"line":165,"column":8}},"165":{"start":{"line":166,"column":0},"end":{"line":166,"column":5}},"166":{"start":{"line":167,"column":0},"end":{"line":167,"column":0}},"167":{"start":{"line":168,"column":0},"end":{"line":168,"column":51}},"168":{"start":{"line":169,"column":0},"end":{"line":169,"column":34}},"169":{"start":{"line":170,"column":0},"end":{"line":170,"column":112}},"170":{"start":{"line":171,"column":0},"end":{"line":171,"column":8}},"171":{"start":{"line":172,"column":0},"end":{"line":172,"column":5}},"172":{"start":{"line":173,"column":0},"end":{"line":173,"column":3}},"173":{"start":{"line":174,"column":0},"end":{"line":174,"column":0}},"174":{"start":{"line":175,"column":0},"end":{"line":175,"column":47}},"175":{"start":{"line":176,"column":0},"end":{"line":176,"column":50}},"176":{"start":{"line":177,"column":0},"end":{"line":177,"column":45}},"177":{"start":{"line":178,"column":0},"end":{"line":178,"column":38}},"178":{"start":{"line":179,"column":0},"end":{"line":179,"column":50}},"179":{"start":{"line":180,"column":0},"end":{"line":180,"column":7}},"180":{"start":{"line":181,"column":0},"end":{"line":181,"column":5}},"181":{"start":{"line":182,"column":0},"end":{"line":182,"column":3}},"182":{"start":{"line":183,"column":0},"end":{"line":183,"column":0}},"183":{"start":{"line":184,"column":0},"end":{"line":184,"column":61}},"184":{"start":{"line":185,"column":0},"end":{"line":185,"column":65}},"185":{"start":{"line":186,"column":0},"end":{"line":186,"column":28}},"186":{"start":{"line":187,"column":0},"end":{"line":187,"column":3}},"187":{"start":{"line":188,"column":0},"end":{"line":188,"column":1}}},"s":{"0":1,"1":1,"2":1,"3":1,"4":1,"5":1,"6":1,"7":1,"8":1,"9":1,"10":1,"11":1,"12":1,"13":1,"14":1,"15":1,"16":1,"17":1,"18":1,"19":1,"20":1,"21":1,"22":1,"23":1,"24":1,"25":1,"26":1,"27":1,"28":1,"29":1,"30":1,"31":1,"32":1,"33":1,"34":1,"35":4,"36":4,"37":4,"38":1,"39":1,"40":1,"41":1,"42":5,"43":5,"44":5,"45":1,"46":1,"47":1,"48":1,"49":2,"50":2,"51":2,"52":1,"53":1,"54":1,"55":1,"56":1,"57":1,"58":1,"59":1,"60":1,"61":1,"62":1,"63":1,"64":1,"65":1,"66":1,"67":1,"68":1,"69":1,"70":1,"71":1,"72":1,"73":1,"74":1,"75":1,"76":1,"77":19,"78":19,"79":19,"80":19,"81":19,"82":19,"83":1,"84":1,"85":1,"86":1,"87":1,"88":1,"89":1,"90":1,"91":1,"92":16,"93":16,"94":16,"95":16,"96":16,"97":6,"98":6,"99":6,"100":6,"101":6,"102":6,"103":6,"104":6,"105":6,"106":6,"107":6,"108":6,"109":6,"110":6,"111":6,"112":6,"113":6,"114":16,"115":1,"116":1,"117":1,"118":1,"119":1,"120":1,"121":1,"122":8,"123":8,"124":1,"125":1,"126":7,"127":8,"128":2,"129":2,"130":5,"131":5,"132":8,"133":1,"134":1,"135":1,"136":1,"137":1,"138":2,"139":2,"140":1,"141":1,"142":1,"143":1,"144":1,"145":1,"146":1,"147":1,"148":1,"149":1,"150":2,"151":1,"152":1,"153":1,"154":1,"155":16,"156":4,"157":4,"158":16,"159":1,"160":1,"161":12,"162":1,"163":1,"164":1,"165":1,"166":11,"167":12,"168":4,"169":4,"170":4,"171":4,"172":12,"173":1,"174":1,"175":7,"176":7,"177":2,"178":1,"179":1,"180":2,"181":7,"182":1,"183":1,"184":6,"185":6,"186":6,"187":1},"branchMap":{"0":{"type":"branch","line":35,"loc":{"start":{"line":35,"column":2},"end":{"line":38,"column":3}},"locations":[{"start":{"line":35,"column":2},"end":{"line":38,"column":3}}]},"1":{"type":"branch","line":42,"loc":{"start":{"line":42,"column":2},"end":{"line":45,"column":3}},"locations":[{"start":{"line":42,"column":2},"end":{"line":45,"column":3}}]},"2":{"type":"branch","line":49,"loc":{"start":{"line":49,"column":2},"end":{"line":52,"column":3}},"locations":[{"start":{"line":49,"column":2},"end":{"line":52,"column":3}}]},"3":{"type":"branch","line":56,"loc":{"start":{"line":56,"column":2},"end":{"line":59,"column":3}},"locations":[{"start":{"line":56,"column":2},"end":{"line":59,"column":3}}]},"4":{"type":"branch","line":77,"loc":{"start":{"line":77,"column":19},"end":{"line":83,"column":85}},"locations":[{"start":{"line":77,"column":19},"end":{"line":83,"column":85}}]},"5":{"type":"branch","line":92,"loc":{"start":{"line":92,"column":2},"end":{"line":115,"column":3}},"locations":[{"start":{"line":92,"column":2},"end":{"line":115,"column":3}}]},"6":{"type":"branch","line":97,"loc":{"start":{"line":97,"column":55},"end":{"line":114,"column":6}},"locations":[{"start":{"line":97,"column":55},"end":{"line":114,"column":6}}]},"7":{"type":"branch","line":122,"loc":{"start":{"line":122,"column":2},"end":{"line":133,"column":3}},"locations":[{"start":{"line":122,"column":2},"end":{"line":133,"column":3}}]},"8":{"type":"branch","line":124,"loc":{"start":{"line":124,"column":21},"end":{"line":126,"column":5}},"locations":[{"start":{"line":124,"column":21},"end":{"line":126,"column":5}}]},"9":{"type":"branch","line":126,"loc":{"start":{"line":126,"column":4},"end":{"line":128,"column":49}},"locations":[{"start":{"line":126,"column":4},"end":{"line":128,"column":49}}]},"10":{"type":"branch","line":128,"loc":{"start":{"line":128,"column":49},"end":{"line":130,"column":5}},"locations":[{"start":{"line":128,"column":49},"end":{"line":130,"column":5}}]},"11":{"type":"branch","line":130,"loc":{"start":{"line":130,"column":4},"end":{"line":132,"column":16}},"locations":[{"start":{"line":130,"column":4},"end":{"line":132,"column":16}}]},"12":{"type":"branch","line":123,"loc":{"start":{"line":123,"column":40},"end":{"line":123,"column":66}},"locations":[{"start":{"line":123,"column":40},"end":{"line":123,"column":66}}]},"13":{"type":"branch","line":138,"loc":{"start":{"line":138,"column":2},"end":{"line":151,"column":3}},"locations":[{"start":{"line":138,"column":2},"end":{"line":151,"column":3}}]},"14":{"type":"branch","line":140,"loc":{"start":{"line":140,"column":44},"end":{"line":150,"column":21}},"locations":[{"start":{"line":140,"column":44},"end":{"line":150,"column":21}}]},"15":{"type":"branch","line":155,"loc":{"start":{"line":155,"column":10},"end":{"line":159,"column":3}},"locations":[{"start":{"line":155,"column":10},"end":{"line":159,"column":3}}]},"16":{"type":"branch","line":156,"loc":{"start":{"line":156,"column":9},"end":{"line":156,"column":56}},"locations":[{"start":{"line":156,"column":9},"end":{"line":156,"column":56}}]},"17":{"type":"branch","line":156,"loc":{"start":{"line":156,"column":56},"end":{"line":158,"column":5}},"locations":[{"start":{"line":156,"column":56},"end":{"line":158,"column":5}}]},"18":{"type":"branch","line":157,"loc":{"start":{"line":157,"column":34},"end":{"line":157,"column":52}},"locations":[{"start":{"line":157,"column":34},"end":{"line":157,"column":52}}]},"19":{"type":"branch","line":161,"loc":{"start":{"line":161,"column":10},"end":{"line":173,"column":3}},"locations":[{"start":{"line":161,"column":10},"end":{"line":173,"column":3}}]},"20":{"type":"branch","line":162,"loc":{"start":{"line":162,"column":57},"end":{"line":166,"column":5}},"locations":[{"start":{"line":162,"column":57},"end":{"line":166,"column":5}}]},"21":{"type":"branch","line":166,"loc":{"start":{"line":166,"column":4},"end":{"line":168,"column":50}},"locations":[{"start":{"line":166,"column":4},"end":{"line":168,"column":50}}]},"22":{"type":"branch","line":168,"loc":{"start":{"line":168,"column":50},"end":{"line":172,"column":5}},"locations":[{"start":{"line":168,"column":50},"end":{"line":172,"column":5}}]},"23":{"type":"branch","line":175,"loc":{"start":{"line":175,"column":10},"end":{"line":182,"column":3}},"locations":[{"start":{"line":175,"column":10},"end":{"line":182,"column":3}}]},"24":{"type":"branch","line":177,"loc":{"start":{"line":177,"column":44},"end":{"line":181,"column":5}},"locations":[{"start":{"line":177,"column":44},"end":{"line":181,"column":5}}]},"25":{"type":"branch","line":178,"loc":{"start":{"line":178,"column":37},"end":{"line":180,"column":7}},"locations":[{"start":{"line":178,"column":37},"end":{"line":180,"column":7}}]},"26":{"type":"branch","line":181,"loc":{"start":{"line":181,"column":4},"end":{"line":181,"column":5}},"locations":[{"start":{"line":181,"column":4},"end":{"line":181,"column":5}}]},"27":{"type":"branch","line":184,"loc":{"start":{"line":184,"column":2},"end":{"line":187,"column":3}},"locations":[{"start":{"line":184,"column":2},"end":{"line":187,"column":3}}]}},"b":{"0":[4],"1":[5],"2":[2],"3":[1],"4":[19],"5":[16],"6":[6],"7":[8],"8":[1],"9":[7],"10":[2],"11":[5],"12":[33],"13":[2],"14":[1],"15":[16],"16":[15],"17":[4],"18":[1],"19":[12],"20":[1],"21":[11],"22":[4],"23":[7],"24":[2],"25":[1],"26":[6],"27":[6]},"fnMap":{"0":{"name":"InvalidEmailError","decl":{"start":{"line":35,"column":2},"end":{"line":38,"column":3}},"loc":{"start":{"line":35,"column":2},"end":{"line":38,"column":3}},"line":35},"1":{"name":"WeakPasswordError","decl":{"start":{"line":42,"column":2},"end":{"line":45,"column":3}},"loc":{"start":{"line":42,"column":2},"end":{"line":45,"column":3}},"line":42},"2":{"name":"UnauthorizedError","decl":{"start":{"line":49,"column":2},"end":{"line":52,"column":3}},"loc":{"start":{"line":49,"column":2},"end":{"line":52,"column":3}},"line":49},"3":{"name":"DuplicateEmailError","decl":{"start":{"line":56,"column":2},"end":{"line":59,"column":3}},"loc":{"start":{"line":56,"column":2},"end":{"line":59,"column":3}},"line":56},"4":{"name":"<instance_members_initializer>","decl":{"start":{"line":77,"column":19},"end":{"line":83,"column":85}},"loc":{"start":{"line":77,"column":19},"end":{"line":83,"column":85}},"line":77},"5":{"name":"registerUser","decl":{"start":{"line":92,"column":2},"end":{"line":115,"column":3}},"loc":{"start":{"line":92,"column":2},"end":{"line":115,"column":3}},"line":92},"6":{"name":"authorize","decl":{"start":{"line":122,"column":2},"end":{"line":133,"column":3}},"loc":{"start":{"line":122,"column":2},"end":{"line":133,"column":3}},"line":122},"7":{"name":"findByEmail","decl":{"start":{"line":138,"column":2},"end":{"line":151,"column":3}},"loc":{"start":{"line":138,"column":2},"end":{"line":151,"column":3}},"line":138},"8":{"name":"validateEmail","decl":{"start":{"line":155,"column":10},"end":{"line":159,"column":3}},"loc":{"start":{"line":155,"column":10},"end":{"line":159,"column":3}},"line":155},"9":{"name":"validatePassword","decl":{"start":{"line":161,"column":10},"end":{"line":173,"column":3}},"loc":{"start":{"line":161,"column":10},"end":{"line":173,"column":3}},"line":161},"10":{"name":"checkDuplicate","decl":{"start":{"line":175,"column":10},"end":{"line":182,"column":3}},"loc":{"start":{"line":175,"column":10},"end":{"line":182,"column":3}},"line":175},"11":{"name":"hashPassword","decl":{"start":{"line":184,"column":2},"end":{"line":187,"column":3}},"loc":{"start":{"line":184,"column":2},"end":{"line":187,"column":3}},"line":184}},"f":{"0":4,"1":5,"2":2,"3":1,"4":19,"5":16,"6":8,"7":2,"8":16,"9":12,"10":7,"11":6}}
}
